
ROM used:   545/8192 (7%)
            545/8192 (7%) including unused fragments

            0.8 Average locations per line
            8.9 Average locations per statement

RAM used:   75/1024 (7%) at main() level
            100/1024 (10%) worst case

Stack used: 4 worst case (2 in main + 2 for interrupts)
Stack size: 16

Lines Stmts  %   Files
----- ----- ---  -----
  113    61 100  Esclavo_4.c
  612     0   0  ..\..\..\..\Program Files (x86)\PICC\devices\16f1454.h
----- -----
  725    61 Total

Page ROM  %  RAM   Vol Diff  Functions:
---- --- --- ---   --- ----  ----------
 Inline         0   558  3.4  Parametros
0     63  12   13             @MUL3232
0     48   9    0    57  2.5  stop
0     49   9    0   125  3.0  pulso
0    295  54    3   461  4.3  intrr_i2c
0     58  11    1   248  3.7  MAIN
 Inline         0             @cinit1

Program metrics:
    Functions               5
    Statements              61
    Comments                107
    Volume (V)              2025
    Difficulty (D)          17.2
    Effort to implement (E) 34932
    Time to implement (T)   32 minutes
    Est Delivered Bugs (B)  0
    Cyclomatic Complexity   5
    Maintainability (MI)    138

 Segment     Used  Free
-----------  ----  ----
00000-00002     3  0  
00003-00003     0  1  
00004-00020    29  0  
00021-007FF   513  1502  
00800-00FFF     0  2048  
01000-017FF     0  2048  
01800-01FFF     0  2048  



