
ROM used:   717/8192 (9%)
            717/8192 (9%) including unused fragments

            0.9 Average locations per line
            7.2 Average locations per statement

RAM used:   76/1024 (7%) at main() level
            101/1024 (10%) worst case

Stack used: 4 worst case (2 in main + 2 for interrupts)
Stack size: 16

Lines Stmts  %   Files
----- ----- ---  -----
  158    99 100  Esclavo_5_g.c
  612     0   0  ..\..\..\..\Program Files (x86)\PICC\devices\16f1454.h
----- -----
  770    99 Total

Page ROM  %  RAM   Vol Diff  Functions:
---- --- --- ---   --- ----  ----------
 Inline         0   558  3.4  Parametros
0     51   7   13             @MUL3232
0     48   7    0    57  2.5  stop
0     49   7    0   125  3.0  pulso
0    124  17    1   607  4.3  Home
0    332  46    3   610  3.8  intrr_i2c
0     81  11    1   450  3.8  MAIN
 Inline         0             @cinit1

Program metrics:
    Functions               6
    Statements              99
    Comments                107
    Volume (V)              3439
    Difficulty (D)          21.4
    Effort to implement (E) 73563
    Time to implement (T)   1 hours, 8 minutes
    Est Delivered Bugs (B)  1
    Cyclomatic Complexity   9
    Maintainability (MI)    105

 Segment     Used  Free
-----------  ----  ----
00000-00002     3  0  
00003-00003     0  1  
00004-00020    29  0  
00021-007FF   685  1330  
00800-00FFF     0  2048  
01000-017FF     0  2048  
01800-01FFF     0  2048  



