
ROM used:   2758/8192 (34%)
            3177/8192 (39%) including unused fragments

            0.4 Average locations per line
            2.5 Average locations per statement

RAM used:   326/1024 (32%) at main() level
            366/1024 (36%) worst case

Stack used: 12 worst case (6 in main + 6 for interrupts)
Stack size: 16

Lines Stmts  %   Files
----- ----- ---  -----
  452    67   6  impresora.c
  644     0   0  ..\..\..\..\Program Files (x86)\PICC\devices\16f1454.h
  876   141  13  ..\..\..\..\Program Files (x86)\PICC\drivers\usb_cdc.h
  151     0   0  ..\..\..\..\Program Files (x86)\PICC\drivers\pic16f_usb.h
  328     0   0  ..\..\..\..\Program Files (x86)\PICC\drivers\usb_hw_layer.h
  298     0   0  ..\..\..\..\Program Files (x86)\PICC\drivers\usb_desc_cdc.h
 1103     0   0  ..\..\..\..\Program Files (x86)\PICC\drivers\usb.h
 1192   240  22  ..\..\..\..\Program Files (x86)\PICC\drivers\usb.c
 1210   314  29  ..\..\..\..\Program Files (x86)\PICC\drivers\pic16f_usb.c
  435   173  16  ..\..\..\..\Program Files (x86)\PICC\drivers\string.h
   32    44   4  ..\..\..\..\Program Files (x86)\PICC\drivers\stddef.h
   28   112  10  ..\..\..\..\Program Files (x86)\PICC\drivers\ctype.h
----- -----
 6749  1091 Total

Page ROM  %  RAM    Vol Diff  Functions:
---- --- --- ---    --- ----  ----------
0     22   1    1             @delay_ms1
0     75   3    1             @I2C_WRITE_1
0     17   1    0             @const680
0     17   1    0             @const683
0     33   1    0             @const686
0     33   1    0             @const689
0     68   2    0             @const692
0      2   0    0             @const695
0      9   0    0             @const698
0     19   1    0             @const703
0     45   2    0             @const706
0     30   1    2    139  4.3  usb_tbe
 Inline         0    113  1.9  usb_detach
 Inline         0    136  2.2  usb_attach
 Inline         0     16  1.0  usb_init_cs
0     38   1    1    407  5.7  usb_task
0     25   1    0     61  2.5  usb_init
0    102   4    7   1092  5.4  usb_flush_in
0     56   2    9    344  6.1  usb_put_packet
0     96   3    7    914  5.0  usb_flush_out
 Inline         2     66  2.7  usb_rx_packet_size
 Inline         4    258  4.6  usb_stall_ep
 Inline         4    266  4.6  usb_unstall_ep
 Inline         4    373  6.0  usb_endpoint_stalled
 Inline         1     94  2.7  usb_set_address
 Inline        10   1794 11.5  usb_set_configured
0     40   1    3    199  3.2  usb_disable_endpoint
0     16   1    1     99  3.0  usb_disable_endpoints
0      4   0    0     61  4.0  usb_clear_trn
1   1130  41    0    518  4.4  usb_isr
 Inline         0     43  2.0  usb_isr_sof
 Inline         0    472  4.7  usb_isr_rst
0     21   1    2    458  4.4  usb_init_ep0_setup
 Inline         0     74  2.8  usb_isr_uerr
 Inline         0     82  2.8  usb_isr_uidle
 Inline         0    102  3.3  usb_isr_activity
 Inline         0    151  3.9  usb_isr_stall
0      5   0    1     30  1.7  usb_request_send_response
0      3   0    0     22  1.2  usb_request_get_data
0      3   0    0     22  1.2  usb_request_stall
 Inline         3   3370  9.3  usb_isr_tok_dne
0      6   0    0     29  1.9  usb_enumerated
0     28   1    3    273  4.0  usb_token_reset
0     40   1    3    274  5.9  usb_endpoint_is_valid
0     45   2    1    212  3.1  usb_isr_tok_in_dne
0    102   4    1    115  2.5  usb_isr_tok_out_dne
 Inline         0    375  6.4  usb_isr_tok_setup_dne
 Inline         0   1454  8.3  usb_isr_tkn_setup_StandardDevice
 Inline         3    933  7.7  usb_isr_tkn_setup_StandardInterface
 Inline         0    753  5.8  usb_isr_tkn_setup_StandardEndpoint
 Inline         1   1248 10.7  usb_Get_Descriptor
 Inline         0     76  1.8  usb_finish_set_address
0     99   4    4    622  9.1  usb_copy_desc_seg_to_ep
 Inline         0    383  6.3  usb_isr_tok_out_cdc_control_dne
 Inline         2   1200  8.6  usb_isr_tkn_cdc
 Inline         0    174  3.6  usb_isr_tok_out_cdc_data_dne
 Inline         0     81  0.9  usb_isr_tok_in_cdc_data_dne
0     21   1    0    106  2.9  usb_cdc_flush_tx_buffer
0     41   1    4    280  2.3  usb_cdc_init
0      9   0    0     59  2.3  usb_cdc_get_discard
0     34   1    2    232  5.4  usb_cdc_getc
 Inline         4    228  4.8  _usb_cdc_putc_fast_noflush
 Inline         1     52  2.0  usb_cdc_putc_fast
0     79   3    1    125  3.7  usb_cdc_putc
0    200   7    2    927  6.2  MAIN
0      8   0    0             @const1019
0     62   2    3             @PSTRINGC7_584
0      8   0    0             @const1024
 Inline         0             @cinit1

Program metrics:
    Functions               54
    Statements              1091
    Comments                5810
    Volume (V)              40887
    Difficulty (D)          239.0
    Effort to implement (E) 9772992
    Time to implement (T)   150 hours, 49 minutes
    Est Delivered Bugs (B)  15
    Cyclomatic Complexity   129
    Maintainability (MI)    70

 Segment     Used  Free
-----------  ----  ----
00000-00002     3  0  
00003-00003     0  1  
00004-00043    64  0  
00044-007FF  1561  419  
00800-00FFF  1130  918  
01000-017FF     0  2048  
01800-01FFF     0  2048  



